<?xml version="1.0" encoding="UTF-8"?>
<!-- Generated by org.testng.reporters.JUnitReportReporter -->
<testsuite hostname="DESKTOP-VHMPS7U" failures="0" tests="1" name="test_Scripts.LoginFacebook" time="5.785" errors="0" timestamp="2022-11-30T15:27:17 IST" skipped="0">
  <testcase classname="test_Scripts.LoginFacebook" name="Trivago2" time="5.785"/>
  <system-out/>
</testsuite> <!-- test_Scripts.LoginFacebook -->
