<?xml version="1.0" encoding="UTF-8"?>
<!-- Generated by org.testng.reporters.JUnitReportReporter -->
<testsuite hostname="DESKTOP-VHMPS7U" failures="0" tests="1" name="test_Scripts.LoginMain" time="6.382" errors="0" timestamp="2022-11-30T15:41:31 IST" skipped="0">
  <testcase classname="test_Scripts.LoginMain" name="trivago1" time="6.382"/>
  <system-out/>
</testsuite> <!-- test_Scripts.LoginMain -->
